2025-05-02 22:43:09,938 DEBUG    root            Loaded Command Group: ['gcloud', 'components']
2025-05-02 22:43:09,941 DEBUG    root            Loaded Command Group: ['gcloud', 'components', 'list']
2025-05-02 22:43:09,942 DEBUG    root            Running [gcloud.components.list] with arguments: [--quiet: "True"]
2025-05-02 22:43:09,977 DEBUG    urllib3.connectionpool Starting new HTTPS connection (1): dl.google.com:443
2025-05-02 22:43:10,103 DEBUG    urllib3.connectionpool https://dl.google.com:443 "GET /dl/cloudsdk/channels/rapid/components-2.json HTTP/11" 200 233992
2025-05-02 22:43:10,197 INFO     ___FILE_ONLY___ 
Your current Google Cloud CLI version is: 520.0.0

2025-05-02 22:43:10,199 INFO     ___FILE_ONLY___ The latest available version is: 520.0.0

2025-05-02 22:43:10,199 INFO     ___FILE_ONLY___ 

2025-05-02 22:43:10,200 DEBUG    root            Chosen display Format:table[box,title="Components"](state.name:label=Status,name:label=Name,id:label=ID,size.size(zero="",min=1048576):label=Size:align=right)
2025-05-02 22:43:10,201 INFO     root            Display format: "table[box,title="Components"](state.name:label=Status,name:label=Name,id:label=ID,size.size(zero="",min=1048576):label=Size:align=right)"
2025-05-02 22:43:10,266 INFO     ___FILE_ONLY___ ┌─────────────────────────────────────────────────────────────────────────────────────────────────────────────────┐
2025-05-02 22:43:10,266 INFO     ___FILE_ONLY___ 

2025-05-02 22:43:10,266 INFO     ___FILE_ONLY___ │                                                    Components                                                   │
2025-05-02 22:43:10,266 INFO     ___FILE_ONLY___ 

2025-05-02 22:43:10,266 INFO     ___FILE_ONLY___ ├───────────────┬──────────────────────────────────────────────────────┬──────────────────────────────┬───────────┤
2025-05-02 22:43:10,266 INFO     ___FILE_ONLY___ 

2025-05-02 22:43:10,266 INFO     ___FILE_ONLY___ │     Status    │                         Name                         │              ID              │    Size   │
2025-05-02 22:43:10,266 INFO     ___FILE_ONLY___ 

2025-05-02 22:43:10,266 INFO     ___FILE_ONLY___ ├───────────────┼──────────────────────────────────────────────────────┼──────────────────────────────┼───────────┤
2025-05-02 22:43:10,266 INFO     ___FILE_ONLY___ 

2025-05-02 22:43:10,266 INFO     ___FILE_ONLY___ │ 
2025-05-02 22:43:10,266 INFO     ___FILE_ONLY___ Not Installed
2025-05-02 22:43:10,267 INFO     ___FILE_ONLY___  
2025-05-02 22:43:10,267 INFO     ___FILE_ONLY___ │ 
2025-05-02 22:43:10,267 INFO     ___FILE_ONLY___ App Engine Go Extensions                            
2025-05-02 22:43:10,267 INFO     ___FILE_ONLY___  
2025-05-02 22:43:10,267 INFO     ___FILE_ONLY___ │ 
2025-05-02 22:43:10,267 INFO     ___FILE_ONLY___ app-engine-go               
2025-05-02 22:43:10,267 INFO     ___FILE_ONLY___  
2025-05-02 22:43:10,267 INFO     ___FILE_ONLY___ │ 
2025-05-02 22:43:10,267 INFO     ___FILE_ONLY___   4.5 MiB
2025-05-02 22:43:10,267 INFO     ___FILE_ONLY___  
2025-05-02 22:43:10,267 INFO     ___FILE_ONLY___ │
2025-05-02 22:43:10,267 INFO     ___FILE_ONLY___ 

2025-05-02 22:43:10,267 INFO     ___FILE_ONLY___ │ 
2025-05-02 22:43:10,267 INFO     ___FILE_ONLY___ Not Installed
2025-05-02 22:43:10,267 INFO     ___FILE_ONLY___  
2025-05-02 22:43:10,267 INFO     ___FILE_ONLY___ │ 
2025-05-02 22:43:10,267 INFO     ___FILE_ONLY___ Appctl                                              
2025-05-02 22:43:10,267 INFO     ___FILE_ONLY___  
2025-05-02 22:43:10,267 INFO     ___FILE_ONLY___ │ 
2025-05-02 22:43:10,267 INFO     ___FILE_ONLY___ appctl                      
2025-05-02 22:43:10,267 INFO     ___FILE_ONLY___  
2025-05-02 22:43:10,267 INFO     ___FILE_ONLY___ │ 
2025-05-02 22:43:10,267 INFO     ___FILE_ONLY___  18.5 MiB
2025-05-02 22:43:10,267 INFO     ___FILE_ONLY___  
2025-05-02 22:43:10,267 INFO     ___FILE_ONLY___ │
2025-05-02 22:43:10,267 INFO     ___FILE_ONLY___ 

2025-05-02 22:43:10,267 INFO     ___FILE_ONLY___ │ 
2025-05-02 22:43:10,267 INFO     ___FILE_ONLY___ Not Installed
2025-05-02 22:43:10,267 INFO     ___FILE_ONLY___  
2025-05-02 22:43:10,267 INFO     ___FILE_ONLY___ │ 
2025-05-02 22:43:10,267 INFO     ___FILE_ONLY___ Artifact Registry Go Module Package Helper          
2025-05-02 22:43:10,267 INFO     ___FILE_ONLY___  
2025-05-02 22:43:10,267 INFO     ___FILE_ONLY___ │ 
2025-05-02 22:43:10,267 INFO     ___FILE_ONLY___ package-go-module           
2025-05-02 22:43:10,267 INFO     ___FILE_ONLY___  
2025-05-02 22:43:10,268 INFO     ___FILE_ONLY___ │ 
2025-05-02 22:43:10,268 INFO     ___FILE_ONLY___   < 1 MiB
2025-05-02 22:43:10,268 INFO     ___FILE_ONLY___  
2025-05-02 22:43:10,268 INFO     ___FILE_ONLY___ │
2025-05-02 22:43:10,268 INFO     ___FILE_ONLY___ 

2025-05-02 22:43:10,268 INFO     ___FILE_ONLY___ │ 
2025-05-02 22:43:10,268 INFO     ___FILE_ONLY___ Not Installed
2025-05-02 22:43:10,268 INFO     ___FILE_ONLY___  
2025-05-02 22:43:10,268 INFO     ___FILE_ONLY___ │ 
2025-05-02 22:43:10,268 INFO     ___FILE_ONLY___ Cloud Bigtable Command Line Tool                    
2025-05-02 22:43:10,268 INFO     ___FILE_ONLY___  
2025-05-02 22:43:10,268 INFO     ___FILE_ONLY___ │ 
2025-05-02 22:43:10,268 INFO     ___FILE_ONLY___ cbt                         
2025-05-02 22:43:10,268 INFO     ___FILE_ONLY___  
2025-05-02 22:43:10,268 INFO     ___FILE_ONLY___ │ 
2025-05-02 22:43:10,268 INFO     ___FILE_ONLY___  19.3 MiB
2025-05-02 22:43:10,268 INFO     ___FILE_ONLY___  
2025-05-02 22:43:10,268 INFO     ___FILE_ONLY___ │
2025-05-02 22:43:10,268 INFO     ___FILE_ONLY___ 

2025-05-02 22:43:10,268 INFO     ___FILE_ONLY___ │ 
2025-05-02 22:43:10,268 INFO     ___FILE_ONLY___ Not Installed
2025-05-02 22:43:10,268 INFO     ___FILE_ONLY___  
2025-05-02 22:43:10,268 INFO     ___FILE_ONLY___ │ 
2025-05-02 22:43:10,268 INFO     ___FILE_ONLY___ Cloud Bigtable Emulator                             
2025-05-02 22:43:10,268 INFO     ___FILE_ONLY___  
2025-05-02 22:43:10,268 INFO     ___FILE_ONLY___ │ 
2025-05-02 22:43:10,268 INFO     ___FILE_ONLY___ bigtable                    
2025-05-02 22:43:10,268 INFO     ___FILE_ONLY___  
2025-05-02 22:43:10,268 INFO     ___FILE_ONLY___ │ 
2025-05-02 22:43:10,268 INFO     ___FILE_ONLY___   7.4 MiB
2025-05-02 22:43:10,268 INFO     ___FILE_ONLY___  
2025-05-02 22:43:10,268 INFO     ___FILE_ONLY___ │
2025-05-02 22:43:10,268 INFO     ___FILE_ONLY___ 

2025-05-02 22:43:10,268 INFO     ___FILE_ONLY___ │ 
2025-05-02 22:43:10,268 INFO     ___FILE_ONLY___ Not Installed
2025-05-02 22:43:10,268 INFO     ___FILE_ONLY___  
2025-05-02 22:43:10,268 INFO     ___FILE_ONLY___ │ 
2025-05-02 22:43:10,269 INFO     ___FILE_ONLY___ Cloud Datastore Emulator                            
2025-05-02 22:43:10,269 INFO     ___FILE_ONLY___  
2025-05-02 22:43:10,269 INFO     ___FILE_ONLY___ │ 
2025-05-02 22:43:10,269 INFO     ___FILE_ONLY___ cloud-datastore-emulator    
2025-05-02 22:43:10,269 INFO     ___FILE_ONLY___  
2025-05-02 22:43:10,269 INFO     ___FILE_ONLY___ │ 
2025-05-02 22:43:10,269 INFO     ___FILE_ONLY___  36.2 MiB
2025-05-02 22:43:10,269 INFO     ___FILE_ONLY___  
2025-05-02 22:43:10,269 INFO     ___FILE_ONLY___ │
2025-05-02 22:43:10,269 INFO     ___FILE_ONLY___ 

2025-05-02 22:43:10,269 INFO     ___FILE_ONLY___ │ 
2025-05-02 22:43:10,269 INFO     ___FILE_ONLY___ Not Installed
2025-05-02 22:43:10,269 INFO     ___FILE_ONLY___  
2025-05-02 22:43:10,269 INFO     ___FILE_ONLY___ │ 
2025-05-02 22:43:10,269 INFO     ___FILE_ONLY___ Cloud Firestore Emulator                            
2025-05-02 22:43:10,269 INFO     ___FILE_ONLY___  
2025-05-02 22:43:10,269 INFO     ___FILE_ONLY___ │ 
2025-05-02 22:43:10,269 INFO     ___FILE_ONLY___ cloud-firestore-emulator    
2025-05-02 22:43:10,269 INFO     ___FILE_ONLY___  
2025-05-02 22:43:10,269 INFO     ___FILE_ONLY___ │ 
2025-05-02 22:43:10,269 INFO     ___FILE_ONLY___  46.9 MiB
2025-05-02 22:43:10,269 INFO     ___FILE_ONLY___  
2025-05-02 22:43:10,269 INFO     ___FILE_ONLY___ │
2025-05-02 22:43:10,269 INFO     ___FILE_ONLY___ 

2025-05-02 22:43:10,269 INFO     ___FILE_ONLY___ │ 
2025-05-02 22:43:10,269 INFO     ___FILE_ONLY___ Not Installed
2025-05-02 22:43:10,269 INFO     ___FILE_ONLY___  
2025-05-02 22:43:10,269 INFO     ___FILE_ONLY___ │ 
2025-05-02 22:43:10,269 INFO     ___FILE_ONLY___ Cloud Pub/Sub Emulator                              
2025-05-02 22:43:10,269 INFO     ___FILE_ONLY___  
2025-05-02 22:43:10,269 INFO     ___FILE_ONLY___ │ 
2025-05-02 22:43:10,269 INFO     ___FILE_ONLY___ pubsub-emulator             
2025-05-02 22:43:10,269 INFO     ___FILE_ONLY___  
2025-05-02 22:43:10,270 INFO     ___FILE_ONLY___ │ 
2025-05-02 22:43:10,270 INFO     ___FILE_ONLY___  62.4 MiB
2025-05-02 22:43:10,270 INFO     ___FILE_ONLY___  
2025-05-02 22:43:10,270 INFO     ___FILE_ONLY___ │
2025-05-02 22:43:10,270 INFO     ___FILE_ONLY___ 

2025-05-02 22:43:10,270 INFO     ___FILE_ONLY___ │ 
2025-05-02 22:43:10,270 INFO     ___FILE_ONLY___ Not Installed
2025-05-02 22:43:10,270 INFO     ___FILE_ONLY___  
2025-05-02 22:43:10,270 INFO     ___FILE_ONLY___ │ 
2025-05-02 22:43:10,270 INFO     ___FILE_ONLY___ Cloud Run Proxy                                     
2025-05-02 22:43:10,270 INFO     ___FILE_ONLY___  
2025-05-02 22:43:10,270 INFO     ___FILE_ONLY___ │ 
2025-05-02 22:43:10,270 INFO     ___FILE_ONLY___ cloud-run-proxy             
2025-05-02 22:43:10,270 INFO     ___FILE_ONLY___  
2025-05-02 22:43:10,270 INFO     ___FILE_ONLY___ │ 
2025-05-02 22:43:10,270 INFO     ___FILE_ONLY___  11.3 MiB
2025-05-02 22:43:10,270 INFO     ___FILE_ONLY___  
2025-05-02 22:43:10,270 INFO     ___FILE_ONLY___ │
2025-05-02 22:43:10,270 INFO     ___FILE_ONLY___ 

2025-05-02 22:43:10,270 INFO     ___FILE_ONLY___ │ 
2025-05-02 22:43:10,270 INFO     ___FILE_ONLY___ Not Installed
2025-05-02 22:43:10,270 INFO     ___FILE_ONLY___  
2025-05-02 22:43:10,270 INFO     ___FILE_ONLY___ │ 
2025-05-02 22:43:10,270 INFO     ___FILE_ONLY___ Cloud SQL Proxy v2                                  
2025-05-02 22:43:10,270 INFO     ___FILE_ONLY___  
2025-05-02 22:43:10,270 INFO     ___FILE_ONLY___ │ 
2025-05-02 22:43:10,270 INFO     ___FILE_ONLY___ cloud-sql-proxy             
2025-05-02 22:43:10,270 INFO     ___FILE_ONLY___  
2025-05-02 22:43:10,270 INFO     ___FILE_ONLY___ │ 
2025-05-02 22:43:10,270 INFO     ___FILE_ONLY___  14.2 MiB
2025-05-02 22:43:10,270 INFO     ___FILE_ONLY___  
2025-05-02 22:43:10,270 INFO     ___FILE_ONLY___ │
2025-05-02 22:43:10,270 INFO     ___FILE_ONLY___ 

2025-05-02 22:43:10,270 INFO     ___FILE_ONLY___ │ 
2025-05-02 22:43:10,270 INFO     ___FILE_ONLY___ Not Installed
2025-05-02 22:43:10,270 INFO     ___FILE_ONLY___  
2025-05-02 22:43:10,270 INFO     ___FILE_ONLY___ │ 
2025-05-02 22:43:10,270 INFO     ___FILE_ONLY___ Google Container Registry's Docker credential helper
2025-05-02 22:43:10,270 INFO     ___FILE_ONLY___  
2025-05-02 22:43:10,270 INFO     ___FILE_ONLY___ │ 
2025-05-02 22:43:10,271 INFO     ___FILE_ONLY___ docker-credential-gcr       
2025-05-02 22:43:10,271 INFO     ___FILE_ONLY___  
2025-05-02 22:43:10,271 INFO     ___FILE_ONLY___ │ 
2025-05-02 22:43:10,271 INFO     ___FILE_ONLY___          
2025-05-02 22:43:10,271 INFO     ___FILE_ONLY___  
2025-05-02 22:43:10,271 INFO     ___FILE_ONLY___ │
2025-05-02 22:43:10,271 INFO     ___FILE_ONLY___ 

2025-05-02 22:43:10,271 INFO     ___FILE_ONLY___ │ 
2025-05-02 22:43:10,271 INFO     ___FILE_ONLY___ Not Installed
2025-05-02 22:43:10,271 INFO     ___FILE_ONLY___  
2025-05-02 22:43:10,271 INFO     ___FILE_ONLY___ │ 
2025-05-02 22:43:10,271 INFO     ___FILE_ONLY___ Kustomize                                           
2025-05-02 22:43:10,271 INFO     ___FILE_ONLY___  
2025-05-02 22:43:10,271 INFO     ___FILE_ONLY___ │ 
2025-05-02 22:43:10,271 INFO     ___FILE_ONLY___ kustomize                   
2025-05-02 22:43:10,271 INFO     ___FILE_ONLY___  
2025-05-02 22:43:10,271 INFO     ___FILE_ONLY___ │ 
2025-05-02 22:43:10,271 INFO     ___FILE_ONLY___   7.4 MiB
2025-05-02 22:43:10,271 INFO     ___FILE_ONLY___  
2025-05-02 22:43:10,271 INFO     ___FILE_ONLY___ │
2025-05-02 22:43:10,271 INFO     ___FILE_ONLY___ 

2025-05-02 22:43:10,271 INFO     ___FILE_ONLY___ │ 
2025-05-02 22:43:10,271 INFO     ___FILE_ONLY___ Not Installed
2025-05-02 22:43:10,271 INFO     ___FILE_ONLY___  
2025-05-02 22:43:10,271 INFO     ___FILE_ONLY___ │ 
2025-05-02 22:43:10,271 INFO     ___FILE_ONLY___ Log Streaming                                       
2025-05-02 22:43:10,271 INFO     ___FILE_ONLY___  
2025-05-02 22:43:10,271 INFO     ___FILE_ONLY___ │ 
2025-05-02 22:43:10,271 INFO     ___FILE_ONLY___ log-streaming               
2025-05-02 22:43:10,271 INFO     ___FILE_ONLY___  
2025-05-02 22:43:10,271 INFO     ___FILE_ONLY___ │ 
2025-05-02 22:43:10,271 INFO     ___FILE_ONLY___  16.0 MiB
2025-05-02 22:43:10,271 INFO     ___FILE_ONLY___  
2025-05-02 22:43:10,271 INFO     ___FILE_ONLY___ │
2025-05-02 22:43:10,271 INFO     ___FILE_ONLY___ 

2025-05-02 22:43:10,271 INFO     ___FILE_ONLY___ │ 
2025-05-02 22:43:10,271 INFO     ___FILE_ONLY___ Not Installed
2025-05-02 22:43:10,271 INFO     ___FILE_ONLY___  
2025-05-02 22:43:10,271 INFO     ___FILE_ONLY___ │ 
2025-05-02 22:43:10,271 INFO     ___FILE_ONLY___ Managed Flink Client                                
2025-05-02 22:43:10,272 INFO     ___FILE_ONLY___  
2025-05-02 22:43:10,272 INFO     ___FILE_ONLY___ │ 
2025-05-02 22:43:10,272 INFO     ___FILE_ONLY___ managed-flink-client        
2025-05-02 22:43:10,272 INFO     ___FILE_ONLY___  
2025-05-02 22:43:10,272 INFO     ___FILE_ONLY___ │ 
2025-05-02 22:43:10,272 INFO     ___FILE_ONLY___ 383.4 MiB
2025-05-02 22:43:10,272 INFO     ___FILE_ONLY___  
2025-05-02 22:43:10,272 INFO     ___FILE_ONLY___ │
2025-05-02 22:43:10,272 INFO     ___FILE_ONLY___ 

2025-05-02 22:43:10,272 INFO     ___FILE_ONLY___ │ 
2025-05-02 22:43:10,272 INFO     ___FILE_ONLY___ Not Installed
2025-05-02 22:43:10,272 INFO     ___FILE_ONLY___  
2025-05-02 22:43:10,272 INFO     ___FILE_ONLY___ │ 
2025-05-02 22:43:10,272 INFO     ___FILE_ONLY___ Minikube                                            
2025-05-02 22:43:10,272 INFO     ___FILE_ONLY___  
2025-05-02 22:43:10,272 INFO     ___FILE_ONLY___ │ 
2025-05-02 22:43:10,272 INFO     ___FILE_ONLY___ minikube                    
2025-05-02 22:43:10,272 INFO     ___FILE_ONLY___  
2025-05-02 22:43:10,272 INFO     ___FILE_ONLY___ │ 
2025-05-02 22:43:10,272 INFO     ___FILE_ONLY___  43.5 MiB
2025-05-02 22:43:10,272 INFO     ___FILE_ONLY___  
2025-05-02 22:43:10,272 INFO     ___FILE_ONLY___ │
2025-05-02 22:43:10,272 INFO     ___FILE_ONLY___ 

2025-05-02 22:43:10,272 INFO     ___FILE_ONLY___ │ 
2025-05-02 22:43:10,272 INFO     ___FILE_ONLY___ Not Installed
2025-05-02 22:43:10,272 INFO     ___FILE_ONLY___  
2025-05-02 22:43:10,272 INFO     ___FILE_ONLY___ │ 
2025-05-02 22:43:10,272 INFO     ___FILE_ONLY___ Nomos CLI                                           
2025-05-02 22:43:10,272 INFO     ___FILE_ONLY___  
2025-05-02 22:43:10,272 INFO     ___FILE_ONLY___ │ 
2025-05-02 22:43:10,272 INFO     ___FILE_ONLY___ nomos                       
2025-05-02 22:43:10,272 INFO     ___FILE_ONLY___  
2025-05-02 22:43:10,272 INFO     ___FILE_ONLY___ │ 
2025-05-02 22:43:10,272 INFO     ___FILE_ONLY___  33.5 MiB
2025-05-02 22:43:10,272 INFO     ___FILE_ONLY___  
2025-05-02 22:43:10,272 INFO     ___FILE_ONLY___ │
2025-05-02 22:43:10,272 INFO     ___FILE_ONLY___ 

2025-05-02 22:43:10,272 INFO     ___FILE_ONLY___ │ 
2025-05-02 22:43:10,272 INFO     ___FILE_ONLY___ Not Installed
2025-05-02 22:43:10,272 INFO     ___FILE_ONLY___  
2025-05-02 22:43:10,272 INFO     ___FILE_ONLY___ │ 
2025-05-02 22:43:10,273 INFO     ___FILE_ONLY___ On-Demand Scanning API extraction helper            
2025-05-02 22:43:10,273 INFO     ___FILE_ONLY___  
2025-05-02 22:43:10,273 INFO     ___FILE_ONLY___ │ 
2025-05-02 22:43:10,273 INFO     ___FILE_ONLY___ local-extract               
2025-05-02 22:43:10,273 INFO     ___FILE_ONLY___  
2025-05-02 22:43:10,273 INFO     ___FILE_ONLY___ │ 
2025-05-02 22:43:10,273 INFO     ___FILE_ONLY___  22.4 MiB
2025-05-02 22:43:10,273 INFO     ___FILE_ONLY___  
2025-05-02 22:43:10,273 INFO     ___FILE_ONLY___ │
2025-05-02 22:43:10,273 INFO     ___FILE_ONLY___ 

2025-05-02 22:43:10,273 INFO     ___FILE_ONLY___ │ 
2025-05-02 22:43:10,273 INFO     ___FILE_ONLY___ Not Installed
2025-05-02 22:43:10,273 INFO     ___FILE_ONLY___  
2025-05-02 22:43:10,273 INFO     ___FILE_ONLY___ │ 
2025-05-02 22:43:10,273 INFO     ___FILE_ONLY___ Skaffold                                            
2025-05-02 22:43:10,273 INFO     ___FILE_ONLY___  
2025-05-02 22:43:10,273 INFO     ___FILE_ONLY___ │ 
2025-05-02 22:43:10,273 INFO     ___FILE_ONLY___ skaffold                    
2025-05-02 22:43:10,273 INFO     ___FILE_ONLY___  
2025-05-02 22:43:10,273 INFO     ___FILE_ONLY___ │ 
2025-05-02 22:43:10,273 INFO     ___FILE_ONLY___  33.3 MiB
2025-05-02 22:43:10,273 INFO     ___FILE_ONLY___  
2025-05-02 22:43:10,273 INFO     ___FILE_ONLY___ │
2025-05-02 22:43:10,273 INFO     ___FILE_ONLY___ 

2025-05-02 22:43:10,273 INFO     ___FILE_ONLY___ │ 
2025-05-02 22:43:10,273 INFO     ___FILE_ONLY___ Not Installed
2025-05-02 22:43:10,273 INFO     ___FILE_ONLY___  
2025-05-02 22:43:10,273 INFO     ___FILE_ONLY___ │ 
2025-05-02 22:43:10,273 INFO     ___FILE_ONLY___ Terraform Tools                                     
2025-05-02 22:43:10,274 INFO     ___FILE_ONLY___  
2025-05-02 22:43:10,274 INFO     ___FILE_ONLY___ │ 
2025-05-02 22:43:10,274 INFO     ___FILE_ONLY___ terraform-tools             
2025-05-02 22:43:10,274 INFO     ___FILE_ONLY___  
2025-05-02 22:43:10,274 INFO     ___FILE_ONLY___ │ 
2025-05-02 22:43:10,274 INFO     ___FILE_ONLY___  64.0 MiB
2025-05-02 22:43:10,274 INFO     ___FILE_ONLY___  
2025-05-02 22:43:10,274 INFO     ___FILE_ONLY___ │
2025-05-02 22:43:10,274 INFO     ___FILE_ONLY___ 

2025-05-02 22:43:10,274 INFO     ___FILE_ONLY___ │ 
2025-05-02 22:43:10,274 INFO     ___FILE_ONLY___ Not Installed
2025-05-02 22:43:10,274 INFO     ___FILE_ONLY___  
2025-05-02 22:43:10,274 INFO     ___FILE_ONLY___ │ 
2025-05-02 22:43:10,274 INFO     ___FILE_ONLY___ anthos-auth                                         
2025-05-02 22:43:10,274 INFO     ___FILE_ONLY___  
2025-05-02 22:43:10,274 INFO     ___FILE_ONLY___ │ 
2025-05-02 22:43:10,274 INFO     ___FILE_ONLY___ anthos-auth                 
2025-05-02 22:43:10,274 INFO     ___FILE_ONLY___  
2025-05-02 22:43:10,274 INFO     ___FILE_ONLY___ │ 
2025-05-02 22:43:10,274 INFO     ___FILE_ONLY___  20.9 MiB
2025-05-02 22:43:10,274 INFO     ___FILE_ONLY___  
2025-05-02 22:43:10,274 INFO     ___FILE_ONLY___ │
2025-05-02 22:43:10,274 INFO     ___FILE_ONLY___ 

2025-05-02 22:43:10,274 INFO     ___FILE_ONLY___ │ 
2025-05-02 22:43:10,274 INFO     ___FILE_ONLY___ Not Installed
2025-05-02 22:43:10,274 INFO     ___FILE_ONLY___  
2025-05-02 22:43:10,274 INFO     ___FILE_ONLY___ │ 
2025-05-02 22:43:10,274 INFO     ___FILE_ONLY___ config-connector                                    
2025-05-02 22:43:10,274 INFO     ___FILE_ONLY___  
2025-05-02 22:43:10,274 INFO     ___FILE_ONLY___ │ 
2025-05-02 22:43:10,274 INFO     ___FILE_ONLY___ config-connector            
2025-05-02 22:43:10,274 INFO     ___FILE_ONLY___  
2025-05-02 22:43:10,274 INFO     ___FILE_ONLY___ │ 
2025-05-02 22:43:10,274 INFO     ___FILE_ONLY___  88.7 MiB
2025-05-02 22:43:10,274 INFO     ___FILE_ONLY___  
2025-05-02 22:43:10,274 INFO     ___FILE_ONLY___ │
2025-05-02 22:43:10,274 INFO     ___FILE_ONLY___ 

2025-05-02 22:43:10,274 INFO     ___FILE_ONLY___ │ 
2025-05-02 22:43:10,274 INFO     ___FILE_ONLY___ Not Installed
2025-05-02 22:43:10,274 INFO     ___FILE_ONLY___  
2025-05-02 22:43:10,275 INFO     ___FILE_ONLY___ │ 
2025-05-02 22:43:10,275 INFO     ___FILE_ONLY___ enterprise-certificate-proxy                        
2025-05-02 22:43:10,275 INFO     ___FILE_ONLY___  
2025-05-02 22:43:10,275 INFO     ___FILE_ONLY___ │ 
2025-05-02 22:43:10,275 INFO     ___FILE_ONLY___ enterprise-certificate-proxy
2025-05-02 22:43:10,275 INFO     ___FILE_ONLY___  
2025-05-02 22:43:10,275 INFO     ___FILE_ONLY___ │ 
2025-05-02 22:43:10,275 INFO     ___FILE_ONLY___   7.6 MiB
2025-05-02 22:43:10,275 INFO     ___FILE_ONLY___  
2025-05-02 22:43:10,275 INFO     ___FILE_ONLY___ │
2025-05-02 22:43:10,275 INFO     ___FILE_ONLY___ 

2025-05-02 22:43:10,275 INFO     ___FILE_ONLY___ │ 
2025-05-02 22:43:10,275 INFO     ___FILE_ONLY___ Not Installed
2025-05-02 22:43:10,275 INFO     ___FILE_ONLY___  
2025-05-02 22:43:10,275 INFO     ___FILE_ONLY___ │ 
2025-05-02 22:43:10,275 INFO     ___FILE_ONLY___ gcloud Alpha Commands                               
2025-05-02 22:43:10,275 INFO     ___FILE_ONLY___  
2025-05-02 22:43:10,275 INFO     ___FILE_ONLY___ │ 
2025-05-02 22:43:10,275 INFO     ___FILE_ONLY___ alpha                       
2025-05-02 22:43:10,275 INFO     ___FILE_ONLY___  
2025-05-02 22:43:10,275 INFO     ___FILE_ONLY___ │ 
2025-05-02 22:43:10,275 INFO     ___FILE_ONLY___   < 1 MiB
2025-05-02 22:43:10,275 INFO     ___FILE_ONLY___  
2025-05-02 22:43:10,275 INFO     ___FILE_ONLY___ │
2025-05-02 22:43:10,275 INFO     ___FILE_ONLY___ 

2025-05-02 22:43:10,275 INFO     ___FILE_ONLY___ │ 
2025-05-02 22:43:10,275 INFO     ___FILE_ONLY___ Not Installed
2025-05-02 22:43:10,275 INFO     ___FILE_ONLY___  
2025-05-02 22:43:10,275 INFO     ___FILE_ONLY___ │ 
2025-05-02 22:43:10,275 INFO     ___FILE_ONLY___ gcloud Beta Commands                                
2025-05-02 22:43:10,275 INFO     ___FILE_ONLY___  
2025-05-02 22:43:10,275 INFO     ___FILE_ONLY___ │ 
2025-05-02 22:43:10,275 INFO     ___FILE_ONLY___ beta                        
2025-05-02 22:43:10,275 INFO     ___FILE_ONLY___  
2025-05-02 22:43:10,275 INFO     ___FILE_ONLY___ │ 
2025-05-02 22:43:10,275 INFO     ___FILE_ONLY___   < 1 MiB
2025-05-02 22:43:10,275 INFO     ___FILE_ONLY___  
2025-05-02 22:43:10,275 INFO     ___FILE_ONLY___ │
2025-05-02 22:43:10,275 INFO     ___FILE_ONLY___ 

2025-05-02 22:43:10,275 INFO     ___FILE_ONLY___ │ 
2025-05-02 22:43:10,275 INFO     ___FILE_ONLY___ Not Installed
2025-05-02 22:43:10,275 INFO     ___FILE_ONLY___  
2025-05-02 22:43:10,275 INFO     ___FILE_ONLY___ │ 
2025-05-02 22:43:10,276 INFO     ___FILE_ONLY___ gcloud app Java Extensions                          
2025-05-02 22:43:10,276 INFO     ___FILE_ONLY___  
2025-05-02 22:43:10,276 INFO     ___FILE_ONLY___ │ 
2025-05-02 22:43:10,276 INFO     ___FILE_ONLY___ app-engine-java             
2025-05-02 22:43:10,276 INFO     ___FILE_ONLY___  
2025-05-02 22:43:10,276 INFO     ___FILE_ONLY___ │ 
2025-05-02 22:43:10,276 INFO     ___FILE_ONLY___ 118.9 MiB
2025-05-02 22:43:10,276 INFO     ___FILE_ONLY___  
2025-05-02 22:43:10,276 INFO     ___FILE_ONLY___ │
2025-05-02 22:43:10,276 INFO     ___FILE_ONLY___ 

2025-05-02 22:43:10,276 INFO     ___FILE_ONLY___ │ 
2025-05-02 22:43:10,276 INFO     ___FILE_ONLY___ Not Installed
2025-05-02 22:43:10,276 INFO     ___FILE_ONLY___  
2025-05-02 22:43:10,276 INFO     ___FILE_ONLY___ │ 
2025-05-02 22:43:10,276 INFO     ___FILE_ONLY___ gcloud app Python Extensions                        
2025-05-02 22:43:10,276 INFO     ___FILE_ONLY___  
2025-05-02 22:43:10,276 INFO     ___FILE_ONLY___ │ 
2025-05-02 22:43:10,276 INFO     ___FILE_ONLY___ app-engine-python           
2025-05-02 22:43:10,276 INFO     ___FILE_ONLY___  
2025-05-02 22:43:10,276 INFO     ___FILE_ONLY___ │ 
2025-05-02 22:43:10,276 INFO     ___FILE_ONLY___   3.8 MiB
2025-05-02 22:43:10,276 INFO     ___FILE_ONLY___  
2025-05-02 22:43:10,276 INFO     ___FILE_ONLY___ │
2025-05-02 22:43:10,276 INFO     ___FILE_ONLY___ 

2025-05-02 22:43:10,276 INFO     ___FILE_ONLY___ │ 
2025-05-02 22:43:10,276 INFO     ___FILE_ONLY___ Not Installed
2025-05-02 22:43:10,276 INFO     ___FILE_ONLY___  
2025-05-02 22:43:10,276 INFO     ___FILE_ONLY___ │ 
2025-05-02 22:43:10,276 INFO     ___FILE_ONLY___ gcloud app Python Extensions (Extra Libraries)      
2025-05-02 22:43:10,276 INFO     ___FILE_ONLY___  
2025-05-02 22:43:10,276 INFO     ___FILE_ONLY___ │ 
2025-05-02 22:43:10,276 INFO     ___FILE_ONLY___ app-engine-python-extras    
2025-05-02 22:43:10,276 INFO     ___FILE_ONLY___  
2025-05-02 22:43:10,276 INFO     ___FILE_ONLY___ │ 
2025-05-02 22:43:10,276 INFO     ___FILE_ONLY___   < 1 MiB
2025-05-02 22:43:10,276 INFO     ___FILE_ONLY___  
2025-05-02 22:43:10,276 INFO     ___FILE_ONLY___ │
2025-05-02 22:43:10,276 INFO     ___FILE_ONLY___ 

2025-05-02 22:43:10,276 INFO     ___FILE_ONLY___ │ 
2025-05-02 22:43:10,276 INFO     ___FILE_ONLY___ Not Installed
2025-05-02 22:43:10,276 INFO     ___FILE_ONLY___  
2025-05-02 22:43:10,276 INFO     ___FILE_ONLY___ │ 
2025-05-02 22:43:10,276 INFO     ___FILE_ONLY___ gke-gcloud-auth-plugin                              
2025-05-02 22:43:10,277 INFO     ___FILE_ONLY___  
2025-05-02 22:43:10,277 INFO     ___FILE_ONLY___ │ 
2025-05-02 22:43:10,277 INFO     ___FILE_ONLY___ gke-gcloud-auth-plugin      
2025-05-02 22:43:10,277 INFO     ___FILE_ONLY___  
2025-05-02 22:43:10,277 INFO     ___FILE_ONLY___ │ 
2025-05-02 22:43:10,277 INFO     ___FILE_ONLY___   3.3 MiB
2025-05-02 22:43:10,277 INFO     ___FILE_ONLY___  
2025-05-02 22:43:10,277 INFO     ___FILE_ONLY___ │
2025-05-02 22:43:10,277 INFO     ___FILE_ONLY___ 

2025-05-02 22:43:10,277 INFO     ___FILE_ONLY___ │ 
2025-05-02 22:43:10,277 INFO     ___FILE_ONLY___ Not Installed
2025-05-02 22:43:10,277 INFO     ___FILE_ONLY___  
2025-05-02 22:43:10,277 INFO     ___FILE_ONLY___ │ 
2025-05-02 22:43:10,277 INFO     ___FILE_ONLY___ istioctl                                            
2025-05-02 22:43:10,277 INFO     ___FILE_ONLY___  
2025-05-02 22:43:10,277 INFO     ___FILE_ONLY___ │ 
2025-05-02 22:43:10,277 INFO     ___FILE_ONLY___ istioctl                    
2025-05-02 22:43:10,277 INFO     ___FILE_ONLY___  
2025-05-02 22:43:10,277 INFO     ___FILE_ONLY___ │ 
2025-05-02 22:43:10,277 INFO     ___FILE_ONLY___  23.9 MiB
2025-05-02 22:43:10,277 INFO     ___FILE_ONLY___  
2025-05-02 22:43:10,277 INFO     ___FILE_ONLY___ │
2025-05-02 22:43:10,277 INFO     ___FILE_ONLY___ 

2025-05-02 22:43:10,277 INFO     ___FILE_ONLY___ │ 
2025-05-02 22:43:10,277 INFO     ___FILE_ONLY___ Not Installed
2025-05-02 22:43:10,277 INFO     ___FILE_ONLY___  
2025-05-02 22:43:10,277 INFO     ___FILE_ONLY___ │ 
2025-05-02 22:43:10,277 INFO     ___FILE_ONLY___ kpt                                                 
2025-05-02 22:43:10,277 INFO     ___FILE_ONLY___  
2025-05-02 22:43:10,277 INFO     ___FILE_ONLY___ │ 
2025-05-02 22:43:10,277 INFO     ___FILE_ONLY___ kpt                         
2025-05-02 22:43:10,277 INFO     ___FILE_ONLY___  
2025-05-02 22:43:10,277 INFO     ___FILE_ONLY___ │ 
2025-05-02 22:43:10,277 INFO     ___FILE_ONLY___  14.5 MiB
2025-05-02 22:43:10,277 INFO     ___FILE_ONLY___  
2025-05-02 22:43:10,277 INFO     ___FILE_ONLY___ │
2025-05-02 22:43:10,277 INFO     ___FILE_ONLY___ 

2025-05-02 22:43:10,277 INFO     ___FILE_ONLY___ │ 
2025-05-02 22:43:10,277 INFO     ___FILE_ONLY___ Not Installed
2025-05-02 22:43:10,277 INFO     ___FILE_ONLY___  
2025-05-02 22:43:10,277 INFO     ___FILE_ONLY___ │ 
2025-05-02 22:43:10,277 INFO     ___FILE_ONLY___ kubectl                                             
2025-05-02 22:43:10,277 INFO     ___FILE_ONLY___  
2025-05-02 22:43:10,277 INFO     ___FILE_ONLY___ │ 
2025-05-02 22:43:10,278 INFO     ___FILE_ONLY___ kubectl                     
2025-05-02 22:43:10,278 INFO     ___FILE_ONLY___  
2025-05-02 22:43:10,278 INFO     ___FILE_ONLY___ │ 
2025-05-02 22:43:10,278 INFO     ___FILE_ONLY___   < 1 MiB
2025-05-02 22:43:10,278 INFO     ___FILE_ONLY___  
2025-05-02 22:43:10,278 INFO     ___FILE_ONLY___ │
2025-05-02 22:43:10,278 INFO     ___FILE_ONLY___ 

2025-05-02 22:43:10,278 INFO     ___FILE_ONLY___ │ 
2025-05-02 22:43:10,278 INFO     ___FILE_ONLY___ Not Installed
2025-05-02 22:43:10,278 INFO     ___FILE_ONLY___  
2025-05-02 22:43:10,278 INFO     ___FILE_ONLY___ │ 
2025-05-02 22:43:10,278 INFO     ___FILE_ONLY___ kubectl-oidc                                        
2025-05-02 22:43:10,278 INFO     ___FILE_ONLY___  
2025-05-02 22:43:10,278 INFO     ___FILE_ONLY___ │ 
2025-05-02 22:43:10,278 INFO     ___FILE_ONLY___ kubectl-oidc                
2025-05-02 22:43:10,278 INFO     ___FILE_ONLY___  
2025-05-02 22:43:10,278 INFO     ___FILE_ONLY___ │ 
2025-05-02 22:43:10,278 INFO     ___FILE_ONLY___  20.9 MiB
2025-05-02 22:43:10,278 INFO     ___FILE_ONLY___  
2025-05-02 22:43:10,278 INFO     ___FILE_ONLY___ │
2025-05-02 22:43:10,279 INFO     ___FILE_ONLY___ 

2025-05-02 22:43:10,279 INFO     ___FILE_ONLY___ │ 
2025-05-02 22:43:10,282 INFO     ___FILE_ONLY___ Not Installed
2025-05-02 22:43:10,282 INFO     ___FILE_ONLY___  
2025-05-02 22:43:10,282 INFO     ___FILE_ONLY___ │ 
2025-05-02 22:43:10,282 INFO     ___FILE_ONLY___ pkg                                                 
2025-05-02 22:43:10,282 INFO     ___FILE_ONLY___  
2025-05-02 22:43:10,283 INFO     ___FILE_ONLY___ │ 
2025-05-02 22:43:10,283 INFO     ___FILE_ONLY___ pkg                         
2025-05-02 22:43:10,283 INFO     ___FILE_ONLY___  
2025-05-02 22:43:10,283 INFO     ___FILE_ONLY___ │ 
2025-05-02 22:43:10,283 INFO     ___FILE_ONLY___          
2025-05-02 22:43:10,283 INFO     ___FILE_ONLY___  
2025-05-02 22:43:10,286 INFO     ___FILE_ONLY___ │
2025-05-02 22:43:10,287 INFO     ___FILE_ONLY___ 

2025-05-02 22:43:10,287 INFO     ___FILE_ONLY___ │ 
2025-05-02 22:43:10,287 INFO     ___FILE_ONLY___ Installed    
2025-05-02 22:43:10,287 INFO     ___FILE_ONLY___  
2025-05-02 22:43:10,287 INFO     ___FILE_ONLY___ │ 
2025-05-02 22:43:10,287 INFO     ___FILE_ONLY___ BigQuery Command Line Tool                          
2025-05-02 22:43:10,287 INFO     ___FILE_ONLY___  
2025-05-02 22:43:10,287 INFO     ___FILE_ONLY___ │ 
2025-05-02 22:43:10,287 INFO     ___FILE_ONLY___ bq                          
2025-05-02 22:43:10,287 INFO     ___FILE_ONLY___  
2025-05-02 22:43:10,287 INFO     ___FILE_ONLY___ │ 
2025-05-02 22:43:10,287 INFO     ___FILE_ONLY___   1.8 MiB
2025-05-02 22:43:10,287 INFO     ___FILE_ONLY___  
2025-05-02 22:43:10,287 INFO     ___FILE_ONLY___ │
2025-05-02 22:43:10,287 INFO     ___FILE_ONLY___ 

2025-05-02 22:43:10,287 INFO     ___FILE_ONLY___ │ 
2025-05-02 22:43:10,287 INFO     ___FILE_ONLY___ Installed    
2025-05-02 22:43:10,287 INFO     ___FILE_ONLY___  
2025-05-02 22:43:10,287 INFO     ___FILE_ONLY___ │ 
2025-05-02 22:43:10,287 INFO     ___FILE_ONLY___ Cloud Storage Command Line Tool                     
2025-05-02 22:43:10,287 INFO     ___FILE_ONLY___  
2025-05-02 22:43:10,287 INFO     ___FILE_ONLY___ │ 
2025-05-02 22:43:10,287 INFO     ___FILE_ONLY___ gsutil                      
2025-05-02 22:43:10,287 INFO     ___FILE_ONLY___  
2025-05-02 22:43:10,287 INFO     ___FILE_ONLY___ │ 
2025-05-02 22:43:10,287 INFO     ___FILE_ONLY___  11.8 MiB
2025-05-02 22:43:10,287 INFO     ___FILE_ONLY___  
2025-05-02 22:43:10,287 INFO     ___FILE_ONLY___ │
2025-05-02 22:43:10,287 INFO     ___FILE_ONLY___ 

2025-05-02 22:43:10,287 INFO     ___FILE_ONLY___ │ 
2025-05-02 22:43:10,287 INFO     ___FILE_ONLY___ Installed    
2025-05-02 22:43:10,287 INFO     ___FILE_ONLY___  
2025-05-02 22:43:10,287 INFO     ___FILE_ONLY___ │ 
2025-05-02 22:43:10,288 INFO     ___FILE_ONLY___ Google Cloud CLI Core Libraries                     
2025-05-02 22:43:10,288 INFO     ___FILE_ONLY___  
2025-05-02 22:43:10,288 INFO     ___FILE_ONLY___ │ 
2025-05-02 22:43:10,288 INFO     ___FILE_ONLY___ core                        
2025-05-02 22:43:10,288 INFO     ___FILE_ONLY___  
2025-05-02 22:43:10,288 INFO     ___FILE_ONLY___ │ 
2025-05-02 22:43:10,288 INFO     ___FILE_ONLY___  21.5 MiB
2025-05-02 22:43:10,288 INFO     ___FILE_ONLY___  
2025-05-02 22:43:10,288 INFO     ___FILE_ONLY___ │
2025-05-02 22:43:10,288 INFO     ___FILE_ONLY___ 

2025-05-02 22:43:10,288 INFO     ___FILE_ONLY___ │ 
2025-05-02 22:43:10,288 INFO     ___FILE_ONLY___ Installed    
2025-05-02 22:43:10,288 INFO     ___FILE_ONLY___  
2025-05-02 22:43:10,288 INFO     ___FILE_ONLY___ │ 
2025-05-02 22:43:10,288 INFO     ___FILE_ONLY___ Google Cloud CRC32C Hash Tool                       
2025-05-02 22:43:10,288 INFO     ___FILE_ONLY___  
2025-05-02 22:43:10,288 INFO     ___FILE_ONLY___ │ 
2025-05-02 22:43:10,288 INFO     ___FILE_ONLY___ gcloud-crc32c               
2025-05-02 22:43:10,288 INFO     ___FILE_ONLY___  
2025-05-02 22:43:10,288 INFO     ___FILE_ONLY___ │ 
2025-05-02 22:43:10,288 INFO     ___FILE_ONLY___   1.3 MiB
2025-05-02 22:43:10,288 INFO     ___FILE_ONLY___  
2025-05-02 22:43:10,288 INFO     ___FILE_ONLY___ │
2025-05-02 22:43:10,288 INFO     ___FILE_ONLY___ 

2025-05-02 22:43:10,288 INFO     ___FILE_ONLY___ └───────────────┴──────────────────────────────────────────────────────┴──────────────────────────────┴───────────┘
2025-05-02 22:43:10,288 INFO     ___FILE_ONLY___ 

2025-05-02 22:43:10,288 INFO     ___FILE_ONLY___ To install or remove components at your current SDK version [520.0.0], run:
  $ gcloud components install COMPONENT_ID
  $ gcloud components remove COMPONENT_ID

To update your SDK installation to the latest version [520.0.0], run:
  $ gcloud components update


